<?xml version="1.0" encoding="UTF-8"?>
<testng-results ignored="0" total="1" passed="1" failed="0" skipped="0">
  <reporter-output>
  </reporter-output>
  <suite started-at="2022-03-19T17:15:47 EDT" name="Default suite" finished-at="2022-03-19T17:15:56 EDT" duration-ms="9059">
    <groups>
    </groups>
    <test started-at="2022-03-19T17:15:47 EDT" name="Default test" finished-at="2022-03-19T17:15:56 EDT" duration-ms="9059">
      <class name="com.selenium.testscripts.SmokeTests">
        <test-method signature="testOne()[pri:0, instance:com.selenium.testscripts.SmokeTests@1613674b]" started-at="2022-03-19T17:15:47 EDT" name="testOne" finished-at="2022-03-19T17:15:56 EDT" duration-ms="9031" status="PASS">
          <reporter-output>
          </reporter-output>
        </test-method> <!-- testOne -->
      </class> <!-- com.selenium.testscripts.SmokeTests -->
    </test> <!-- Default test -->
  </suite> <!-- Default suite -->
</testng-results>
